<?xml version="1.0" encoding="UTF-8"?>
<testsuite xmlns:xsi="http://www.w3.org/2001/XMLSchema-instance" xsi:noNamespaceSchemaLocation="https://maven.apache.org/surefire/maven-surefire-plugin/xsd/surefire-test-report.xsd" name="com.verification.structural.AssigneeVerification" time="0" tests="14" errors="13" skipped="0" failures="1">
  <properties>
[...]
</properties>
  <testcase name="getAssigneeEmail" classname="com.verification.structural.AssigneeVerification" time="0">
    <error message="com.issuetracker.model.Assignee.getAssigneeEmail()" type="java.lang.NoSuchMethodException">java.lang.NoSuchMethodException: com.issuetracker.model.Assignee.getAssigneeEmail()
	at com.verification.structural.AssigneeVerification.getAssigneeEmail(AssigneeVerification.java:94)
</error>
  </testcase>
  <testcase name="constructor" classname="com.verification.structural.AssigneeVerification" time="0">
    <error message="com.issuetracker.model.Assignee.&lt;init&gt;(java.lang.String, java.lang.String, java.lang.String, com.issuetracker.model.Unit, java.time.LocalDate, java.lang.Integer)" type="java.lang.NoSuchMethodException"><![CDATA[java.lang.NoSuchMethodException: com.issuetracker.model.Assignee.<init>(java.lang.String, java.lang.String, java.lang.String, com.issuetracker.model.Unit, java.time.LocalDate, java.lang.Integer)
	at com.verification.structural.AssigneeVerification.constructor(AssigneeVerification.java:48)
]]></error>
  </testcase>
  <testcase name="setNumberOfIssuesActive" classname="com.verification.structural.AssigneeVerification" time="0">
    <error message="com.issuetracker.model.Assignee.setNumberOfIssuesActive(java.lang.Integer)" type="java.lang.NoSuchMethodException">java.lang.NoSuchMethodException: com.issuetracker.model.Assignee.setNumberOfIssuesActive(java.lang.Integer)
	at com.verification.structural.AssigneeVerification.setNumberOfIssuesActive(AssigneeVerification.java:153)
</error>
  </testcase>
  <testcase name="setEmployeeSince" classname="com.verification.structural.AssigneeVerification" time="0">
    <error message="com.issuetracker.model.Assignee.setEmployeeSince(java.time.LocalDate)" type="java.lang.NoSuchMethodException">java.lang.NoSuchMethodException: com.issuetracker.model.Assignee.setEmployeeSince(java.time.LocalDate)
	at com.verification.structural.AssigneeVerification.setEmployeeSince(AssigneeVerification.java:136)
</error>
  </testcase>
  <testcase name="getWorkingUnit" classname="com.verification.structural.AssigneeVerification" time="0">
    <error message="com.issuetracker.model.Assignee.getWorkingUnit()" type="java.lang.NoSuchMethodException">java.lang.NoSuchMethodException: com.issuetracker.model.Assignee.getWorkingUnit()
	at com.verification.structural.AssigneeVerification.getWorkingUnit(AssigneeVerification.java:111)
</error>
  </testcase>
  <testcase name="getAssigneeName" classname="com.verification.structural.AssigneeVerification" time="0">
    <error message="com.issuetracker.model.Assignee.getAssigneeName()" type="java.lang.NoSuchMethodException">java.lang.NoSuchMethodException: com.issuetracker.model.Assignee.getAssigneeName()
	at com.verification.structural.AssigneeVerification.getAssigneeName(AssigneeVerification.java:77)
</error>
  </testcase>
  <testcase name="setAssigneeEmail" classname="com.verification.structural.AssigneeVerification" time="0">
    <error message="com.issuetracker.model.Assignee.setAssigneeEmail(java.lang.String)" type="java.lang.NoSuchMethodException">java.lang.NoSuchMethodException: com.issuetracker.model.Assignee.setAssigneeEmail(java.lang.String)
	at com.verification.structural.AssigneeVerification.setAssigneeEmail(AssigneeVerification.java:102)
</error>
  </testcase>
  <testcase name="attributes" classname="com.verification.structural.AssigneeVerification" time="0">
    <failure message="expected: &lt;{workingUnit=class com.issuetracker.model.Unit, assigneeName=class java.lang.String, numberOfIssuesActive=class java.lang.Integer, employeeSince=class java.time.LocalDate, assigneeEmail=class java.lang.String, assigneeId=class java.lang.String}&gt; but was: &lt;{}&gt;" type="org.opentest4j.AssertionFailedError"><![CDATA[org.opentest4j.AssertionFailedError: expected: <{workingUnit=class com.issuetracker.model.Unit, assigneeName=class java.lang.String, numberOfIssuesActive=class java.lang.Integer, employeeSince=class java.time.LocalDate, assigneeEmail=class java.lang.String, assigneeId=class java.lang.String}> but was: <{}>
	at com.verification.structural.AssigneeVerification.attributes(AssigneeVerification.java:38)
]]></failure>
  </testcase>
  <testcase name="setAssigneeName" classname="com.verification.structural.AssigneeVerification" time="0">
    <error message="com.issuetracker.model.Assignee.setAssigneeName(java.lang.String)" type="java.lang.NoSuchMethodException">java.lang.NoSuchMethodException: com.issuetracker.model.Assignee.setAssigneeName(java.lang.String)
	at com.verification.structural.AssigneeVerification.setAssigneeName(AssigneeVerification.java:85)
</error>
  </testcase>
  <testcase name="getAssigneeId" classname="com.verification.structural.AssigneeVerification" time="0">
    <error message="com.issuetracker.model.Assignee.getAssigneeId()" type="java.lang.NoSuchMethodException">java.lang.NoSuchMethodException: com.issuetracker.model.Assignee.getAssigneeId()
	at com.verification.structural.AssigneeVerification.getAssigneeId(AssigneeVerification.java:60)
</error>
  </testcase>
  <testcase name="getEmployeeSince" classname="com.verification.structural.AssigneeVerification" time="0">
    <error message="com.issuetracker.model.Assignee.getEmployeeSince()" type="java.lang.NoSuchMethodException">java.lang.NoSuchMethodException: com.issuetracker.model.Assignee.getEmployeeSince()
	at com.verification.structural.AssigneeVerification.getEmployeeSince(AssigneeVerification.java:128)
</error>
  </testcase>
  <testcase name="getNumberOfIssuesActive" classname="com.verification.structural.AssigneeVerification" time="0">
    <error message="com.issuetracker.model.Assignee.getNumberOfIssuesActive()" type="java.lang.NoSuchMethodException">java.lang.NoSuchMethodException: com.issuetracker.model.Assignee.getNumberOfIssuesActive()
	at com.verification.structural.AssigneeVerification.getNumberOfIssuesActive(AssigneeVerification.java:145)
</error>
  </testcase>
  <testcase name="setAssigneeId" classname="com.verification.structural.AssigneeVerification" time="0">
    <error message="com.issuetracker.model.Assignee.setAssigneeId(java.lang.String)" type="java.lang.NoSuchMethodException">java.lang.NoSuchMethodException: com.issuetracker.model.Assignee.setAssigneeId(java.lang.String)
	at com.verification.structural.AssigneeVerification.setAssigneeId(AssigneeVerification.java:68)
</error>
  </testcase>
  <testcase name="setWorkingUnit" classname="com.verification.structural.AssigneeVerification" time="0">
    <error message="com.issuetracker.model.Assignee.setWorkingUnit(com.issuetracker.model.Unit)" type="java.lang.NoSuchMethodException">java.lang.NoSuchMethodException: com.issuetracker.model.Assignee.setWorkingUnit(com.issuetracker.model.Unit)
	at com.verification.structural.AssigneeVerification.setWorkingUnit(AssigneeVerification.java:119)
</error>
  </testcase>
</testsuite>